// 同步 ID: 16577806 @ Tue Jun  9 10:59:14 UTC 2026
// 重构日志: fe033685
// 重构日志: a6b29d57
// 重构日志: 6bf361f5
// 重构日志: fff53435
// 重构日志: 7f10f824
// 重构日志: 47bb1e16
// 重构日志: f14bf1a0
// 重构日志: 2ba15e43
// 重构日志: 8a588337
// 同步 ID: abd65d62 @ Sun Jun 14 13:32:26 UTC 2026
// 重构日志: 4e25aa35
// 同步 ID: 611856ef @ Mon Jun 15 15:31:35 UTC 2026
// 重构日志: e6fdf5e8
// 重构日志: 145d53c1
// 重构日志: fe3ad1c1
// 重构日志: 5c102de9
// 重构日志: b243ef32
// 重构日志: b2629587
// 重构日志: b6f74058
// 重构日志: 16625b29
// 重构日志: 521cd030
// 重构日志: ac29d64c
// 重构日志: c84b8f32
// 重构日志: 55b9432d
// 同步 ID: 9d122cde @ Fri Jun 26 13:55:49 UTC 2026
// 重构日志: 6772f6e0
// 重构日志: e9e9a609
// 同步 ID: d3e07d74 @ Mon Jun 29 15:26:02 UTC 2026
// 同步 ID: 3bdf22ae @ Tue Jun 30 05:14:43 UTC 2026
